Session started: 2025-01-04 19:37:40
Session started: 2025-01-07 19:20:39
Session started: 2025-01-07 19:21:53
Session started: 2025-01-07 19:24:51
Session started: 2025-01-07 19:28:28
Session started: 2025-01-07 19:28:44
Session started: 2025-01-07 19:29:50
Session started: 2025-01-07 20:02:03
How do you analyze CPU usage?|Wrong
XP and level updated: 10 XP, Level 1
Session ended: 2025-01-07 20:02:06, Duration: 20 minutes
Session started: 2025-01-07 20:03:24
How do you view swap usage?|Wrong
XP and level updated: 20 XP, Level 1
Session ended: 2025-01-07 20:03:26, Duration: 20 minutes
Session started: 2025-01-07 20:08:22
How do you reload firewalld rules?|Wrong
XP and level updated: 30 XP, Level 1
Session ended: 2025-01-07 20:08:24, Duration: 20 minutes
Session started: 2025-01-07 20:09:27
How do you change file ownership?|Wrong
XP and level updated: 40 XP, Level /home/alex/git/rhel_learning/assets/level.txt
Session ended: 2025-01-07 20:09:29, Duration: 20 minutes
Session started: 2025-01-07 20:10:54
Which command lists all active SELinux booleans?|Wrong
XP and level updated: 50 XP, Level /home/alex/git/rhel_learning/assets/level.txt
Session ended: 2025-01-07 20:10:56, Duration: 20 minutes
Session started: 2025-01-07 20:14:10
XP and level updated: 60 XP, Level /home/alex/git/rhel_learning/assets/level.txt
Session ended: 2025-01-07 20:14:12, Duration: 20 minutes
Session started: 2025-01-07 20:15:35
XP and level updated: 70 XP, Level /home/alex/git/rhel_learning/assets/level.txt
Session ended: 2025-01-07 20:15:38, Duration: 20 minutes
Session started: 2025-01-07 20:15:48
XP and level updated: 80 XP, Level /home/alex/git/rhel_learning/assets/level.txt
Session ended: 2025-01-07 20:15:51, Duration: 20 minutes
